<?xml version="1.0" encoding="UTF-8"?>
<!-- Generated by org.testng.reporters.JUnitReportReporter -->
<testsuite hostname="LAPTOP-GAUPM6CM" failures="0" tests="4" name="testscripts.regression.ValidateLogin" time="32.879" errors="0" timestamp="2024-10-28T21:50:31 IST" skipped="0">
  <testcase classname="testscripts.regression.ValidateLogin" name="validateLoginTest1" time="6.956"/>
  <testcase classname="testscripts.regression.ValidateLogin" name="validateLoginTest3" time="9.315"/>
  <testcase classname="testscripts.regression.ValidateLogin" name="validateLoginTest2" time="7.856"/>
  <testcase classname="testscripts.regression.ValidateLogin" name="validateLoginTest4" time="8.752"/>
</testsuite> <!-- testscripts.regression.ValidateLogin -->
