<?xml version="1.0" encoding="UTF-8"?>
<!-- Generated by org.testng.reporters.JUnitReportReporter -->
<testsuite hostname="LAPTOP-GAUPM6CM" failures="0" tests="1" name="testscripts.regression.ValidateLoginUsingPOM2" time="7.198" errors="0" timestamp="2024-11-02T21:05:59 IST" skipped="0">
  <testcase classname="testscripts.regression.ValidateLoginUsingPOM2" name="validateLogin" time="7.198"/>
</testsuite> <!-- testscripts.regression.ValidateLoginUsingPOM2 -->
