<?xml version="1.0" encoding="UTF-8"?>
<!-- Generated by org.testng.reporters.JUnitReportReporter -->
<testsuite hostname="LAPTOP-GAUPM6CM" failures="0" tests="1" name="testscripts.regression.ValidateLoginUsingHybrid" time="8.792" errors="0" timestamp="2024-11-01T21:36:37 IST" skipped="0">
  <testcase classname="testscripts.regression.ValidateLoginUsingHybrid" name="loginTest" time="8.792"/>
</testsuite> <!-- testscripts.regression.ValidateLoginUsingHybrid -->
