<?xml version="1.0" encoding="UTF-8"?>
<!-- Generated by org.testng.reporters.JUnitReportReporter -->
<testsuite hostname="LAPTOP-GAUPM6CM" failures="0" tests="1" name="testscripts.regression.ValidateLoginUsingPOM" time="7.271" errors="0" timestamp="2024-11-02T21:01:07 IST" skipped="0">
  <testcase classname="testscripts.regression.ValidateLoginUsingPOM" name="validateLogin" time="7.271"/>
</testsuite> <!-- testscripts.regression.ValidateLoginUsingPOM -->
