<?xml version="1.0" encoding="UTF-8"?>
<!-- Generated by org.testng.reporters.JUnitReportReporter -->
<testsuite hostname="LAPTOP-GAUPM6CM" failures="0" tests="1" name="testscripts.regression.SalesForceLogin" time="29.569" errors="0" timestamp="2024-11-03T21:32:57 IST" skipped="0">
  <testcase classname="testscripts.regression.SalesForceLogin" name="salesForceLoginTest" time="29.569"/>
</testsuite> <!-- testscripts.regression.SalesForceLogin -->
