<?xml version="1.0" encoding="UTF-8"?>
<!-- Generated by org.testng.reporters.JUnitReportReporter -->
<testsuite hostname="LAPTOP-GAUPM6CM" failures="0" tests="1" name="testscripts.regression.ValidateLoginUsingPOMDataProviderExcel" time="37.607" errors="0" timestamp="2024-11-02T21:50:23 IST" skipped="0">
  <testcase classname="testscripts.regression.ValidateLoginUsingPOMDataProviderExcel" name="validateLogin" time="37.607"/>
</testsuite> <!-- testscripts.regression.ValidateLoginUsingPOMDataProviderExcel -->
