<?xml version="1.0" encoding="UTF-8"?>
<!-- Generated by org.testng.reporters.JUnitReportReporter -->
<testsuite hostname="LAPTOP-GAUPM6CM" failures="0" tests="1" name="testscripts.regression.ValidateLoginUsingKeywords" time="7.757" errors="0" timestamp="2024-11-01T21:32:45 IST" skipped="0">
  <testcase classname="testscripts.regression.ValidateLoginUsingKeywords" name="loginTest" time="7.757"/>
</testsuite> <!-- testscripts.regression.ValidateLoginUsingKeywords -->
